<?xml version="1.0" encoding="UTF-8"?>
<testsuite xmlns:xsi="http://www.w3.org/2001/XMLSchema-instance" xsi:noNamespaceSchemaLocation="https://maven.apache.org/surefire/maven-surefire-plugin/xsd/surefire-test-report-3.0.xsd" version="3.0" name="com.epam.StorageTest" time="0.036" tests="10" errors="0" skipped="0" failures="0">
  <properties>
[...]
</properties>
  <testcase name="remove_ShouldDeleteValue" classname="com.epam.StorageTest" time="0.003">
    <system-out><![CDATA[07:12:40.859 [main] INFO com.epam.gym.storage.Storage -- Storage initialized with namespaces: [trainers, trainingTypes, trainees, trainings]
07:12:40.860 [main] DEBUG com.epam.gym.storage.Storage -- Stored in [trainees]: id=1, value=Value
07:12:40.860 [main] DEBUG com.epam.gym.storage.Storage -- Removed from [trainees]: id=1
]]></system-out>
  </testcase>
  <testcase name="get_WhenNotExists_ShouldReturnNull" classname="com.epam.StorageTest" time="0.001">
    <system-out><![CDATA[07:12:40.862 [main] INFO com.epam.gym.storage.Storage -- Storage initialized with namespaces: [trainers, trainingTypes, trainees, trainings]
]]></system-out>
  </testcase>
  <testcase name="contains_WhenNotExists_ShouldReturnFalse" classname="com.epam.StorageTest" time="0.003">
    <system-out><![CDATA[07:12:40.865 [main] INFO com.epam.gym.storage.Storage -- Storage initialized with namespaces: [trainers, trainingTypes, trainees, trainings]
]]></system-out>
  </testcase>
  <testcase name="putAndGet_ShouldStoreAndRetrieveValue" classname="com.epam.StorageTest" time="0.004">
    <system-out><![CDATA[07:12:40.869 [main] INFO com.epam.gym.storage.Storage -- Storage initialized with namespaces: [trainers, trainingTypes, trainees, trainings]
07:12:40.870 [main] DEBUG com.epam.gym.storage.Storage -- Stored in [trainees]: id=1, value=Test Trainee
]]></system-out>
  </testcase>
  <testcase name="generateId_ShouldReturnIncrementalIds" classname="com.epam.StorageTest" time="0.002">
    <system-out><![CDATA[07:12:40.872 [main] INFO com.epam.gym.storage.Storage -- Storage initialized with namespaces: [trainers, trainingTypes, trainees, trainings]
]]></system-out>
  </testcase>
  <testcase name="concurrentAccess_ShouldBeThreadSafe" classname="com.epam.StorageTest" time="0.008">
    <system-out><![CDATA[07:12:40.875 [main] INFO com.epam.gym.storage.Storage -- Storage initialized with namespaces: [trainers, trainingTypes, trainees, trainings]
07:12:40.878 [Thread-1] DEBUG com.epam.gym.storage.Storage -- Stored in [trainees]: id=1, value=Value1
07:12:40.878 [Thread-2] DEBUG com.epam.gym.storage.Storage -- Stored in [trainees]: id=2, value=Value2
07:12:40.878 [Thread-1] DEBUG com.epam.gym.storage.Storage -- Stored in [trainees]: id=3, value=Value3
07:12:40.878 [Thread-2] DEBUG com.epam.gym.storage.Storage -- Stored in [trainees]: id=4, value=Value4
07:12:40.878 [Thread-1] DEBUG com.epam.gym.storage.Storage -- Stored in [trainees]: id=5, value=Value5
07:12:40.878 [Thread-2] DEBUG com.epam.gym.storage.Storage -- Stored in [trainees]: id=6, value=Value6
07:12:40.878 [Thread-1] DEBUG com.epam.gym.storage.Storage -- Stored in [trainees]: id=7, value=Value7
07:12:40.878 [Thread-2] DEBUG com.epam.gym.storage.Storage -- Stored in [trainees]: id=8, value=Value8
07:12:40.878 [Thread-1] DEBUG com.epam.gym.storage.Storage -- Stored in [trainees]: id=9, value=Value9
07:12:40.878 [Thread-2] DEBUG com.epam.gym.storage.Storage -- Stored in [trainees]: id=10, value=Value10
07:12:40.878 [Thread-1] DEBUG com.epam.gym.storage.Storage -- Stored in [trainees]: id=11, value=Value11
07:12:40.878 [Thread-2] DEBUG com.epam.gym.storage.Storage -- Stored in [trainees]: id=12, value=Value12
07:12:40.878 [Thread-1] DEBUG com.epam.gym.storage.Storage -- Stored in [trainees]: id=13, value=Value13
07:12:40.878 [Thread-2] DEBUG com.epam.gym.storage.Storage -- Stored in [trainees]: id=14, value=Value14
07:12:40.878 [Thread-1] DEBUG com.epam.gym.storage.Storage -- Stored in [trainees]: id=15, value=Value15
07:12:40.878 [Thread-2] DEBUG com.epam.gym.storage.Storage -- Stored in [trainees]: id=16, value=Value16
07:12:40.878 [Thread-1] DEBUG com.epam.gym.storage.Storage -- Stored in [trainees]: id=17, value=Value17
07:12:40.878 [Thread-2] DEBUG com.epam.gym.storage.Storage -- Stored in [trainees]: id=18, value=Value18
07:12:40.878 [Thread-1] DEBUG com.epam.gym.storage.Storage -- Stored in [trainees]: id=19, value=Value19
07:12:40.878 [Thread-2] DEBUG com.epam.gym.storage.Storage -- Stored in [trainees]: id=20, value=Value20
07:12:40.878 [Thread-1] DEBUG com.epam.gym.storage.Storage -- Stored in [trainees]: id=21, value=Value21
07:12:40.878 [Thread-2] DEBUG com.epam.gym.storage.Storage -- Stored in [trainees]: id=22, value=Value22
07:12:40.878 [Thread-1] DEBUG com.epam.gym.storage.Storage -- Stored in [trainees]: id=23, value=Value23
07:12:40.879 [Thread-2] DEBUG com.epam.gym.storage.Storage -- Stored in [trainees]: id=24, value=Value24
07:12:40.879 [Thread-1] DEBUG com.epam.gym.storage.Storage -- Stored in [trainees]: id=25, value=Value25
07:12:40.879 [Thread-2] DEBUG com.epam.gym.storage.Storage -- Stored in [trainees]: id=26, value=Value26
07:12:40.879 [Thread-1] DEBUG com.epam.gym.storage.Storage -- Stored in [trainees]: id=27, value=Value27
07:12:40.879 [Thread-2] DEBUG com.epam.gym.storage.Storage -- Stored in [trainees]: id=28, value=Value28
07:12:40.879 [Thread-1] DEBUG com.epam.gym.storage.Storage -- Stored in [trainees]: id=29, value=Value29
07:12:40.879 [Thread-2] DEBUG com.epam.gym.storage.Storage -- Stored in [trainees]: id=30, value=Value30
07:12:40.879 [Thread-1] DEBUG com.epam.gym.storage.Storage -- Stored in [trainees]: id=31, value=Value31
07:12:40.879 [Thread-2] DEBUG com.epam.gym.storage.Storage -- Stored in [trainees]: id=32, value=Value32
07:12:40.879 [Thread-1] DEBUG com.epam.gym.storage.Storage -- Stored in [trainees]: id=33, value=Value33
07:12:40.879 [Thread-2] DEBUG com.epam.gym.storage.Storage -- Stored in [trainees]: id=34, value=Value34
07:12:40.879 [Thread-2] DEBUG com.epam.gym.storage.Storage -- Stored in [trainees]: id=36, value=Value36
07:12:40.879 [Thread-1] DEBUG com.epam.gym.storage.Storage -- Stored in [trainees]: id=35, value=Value35
07:12:40.879 [Thread-2] DEBUG com.epam.gym.storage.Storage -- Stored in [trainees]: id=37, value=Value37
07:12:40.879 [Thread-1] DEBUG com.epam.gym.storage.Storage -- Stored in [trainees]: id=38, value=Value38
07:12:40.879 [Thread-2] DEBUG com.epam.gym.storage.Storage -- Stored in [trainees]: id=39, value=Value39
07:12:40.879 [Thread-1] DEBUG com.epam.gym.storage.Storage -- Stored in [trainees]: id=40, value=Value40
07:12:40.879 [Thread-2] DEBUG com.epam.gym.storage.Storage -- Stored in [trainees]: id=41, value=Value41
07:12:40.879 [Thread-1] DEBUG com.epam.gym.storage.Storage -- Stored in [trainees]: id=42, value=Value42
07:12:40.879 [Thread-2] DEBUG com.epam.gym.storage.Storage -- Stored in [trainees]: id=43, value=Value43
07:12:40.879 [Thread-1] DEBUG com.epam.gym.storage.Storage -- Stored in [trainees]: id=44, value=Value44
07:12:40.879 [Thread-2] DEBUG com.epam.gym.storage.Storage -- Stored in [trainees]: id=45, value=Value45
07:12:40.879 [Thread-1] DEBUG com.epam.gym.storage.Storage -- Stored in [trainees]: id=46, value=Value46
07:12:40.879 [Thread-2] DEBUG com.epam.gym.storage.Storage -- Stored in [trainees]: id=47, value=Value47
07:12:40.879 [Thread-1] DEBUG com.epam.gym.storage.Storage -- Stored in [trainees]: id=48, value=Value48
07:12:40.879 [Thread-2] DEBUG com.epam.gym.storage.Storage -- Stored in [trainees]: id=49, value=Value49
07:12:40.879 [Thread-1] DEBUG com.epam.gym.storage.Storage -- Stored in [trainees]: id=50, value=Value50
07:12:40.879 [Thread-2] DEBUG com.epam.gym.storage.Storage -- Stored in [trainees]: id=51, value=Value51
07:12:40.879 [Thread-1] DEBUG com.epam.gym.storage.Storage -- Stored in [trainees]: id=52, value=Value52
07:12:40.879 [Thread-2] DEBUG com.epam.gym.storage.Storage -- Stored in [trainees]: id=53, value=Value53
07:12:40.879 [Thread-1] DEBUG com.epam.gym.storage.Storage -- Stored in [trainees]: id=54, value=Value54
07:12:40.879 [Thread-2] DEBUG com.epam.gym.storage.Storage -- Stored in [trainees]: id=55, value=Value55
07:12:40.879 [Thread-1] DEBUG com.epam.gym.storage.Storage -- Stored in [trainees]: id=56, value=Value56
07:12:40.879 [Thread-2] DEBUG com.epam.gym.storage.Storage -- Stored in [trainees]: id=57, value=Value57
07:12:40.879 [Thread-1] DEBUG com.epam.gym.storage.Storage -- Stored in [trainees]: id=58, value=Value58
07:12:40.879 [Thread-2] DEBUG com.epam.gym.storage.Storage -- Stored in [trainees]: id=59, value=Value59
07:12:40.879 [Thread-1] DEBUG com.epam.gym.storage.Storage -- Stored in [trainees]: id=60, value=Value60
07:12:40.879 [Thread-2] DEBUG com.epam.gym.storage.Storage -- Stored in [trainees]: id=61, value=Value61
07:12:40.879 [Thread-1] DEBUG com.epam.gym.storage.Storage -- Stored in [trainees]: id=62, value=Value62
07:12:40.879 [Thread-2] DEBUG com.epam.gym.storage.Storage -- Stored in [trainees]: id=63, value=Value63
07:12:40.879 [Thread-1] DEBUG com.epam.gym.storage.Storage -- Stored in [trainees]: id=64, value=Value64
07:12:40.879 [Thread-2] DEBUG com.epam.gym.storage.Storage -- Stored in [trainees]: id=65, value=Value65
07:12:40.879 [Thread-1] DEBUG com.epam.gym.storage.Storage -- Stored in [trainees]: id=66, value=Value66
07:12:40.879 [Thread-2] DEBUG com.epam.gym.storage.Storage -- Stored in [trainees]: id=67, value=Value67
07:12:40.879 [Thread-1] DEBUG com.epam.gym.storage.Storage -- Stored in [trainees]: id=68, value=Value68
07:12:40.880 [Thread-2] DEBUG com.epam.gym.storage.Storage -- Stored in [trainees]: id=69, value=Value69
07:12:40.880 [Thread-1] DEBUG com.epam.gym.storage.Storage -- Stored in [trainees]: id=70, value=Value70
07:12:40.880 [Thread-2] DEBUG com.epam.gym.storage.Storage -- Stored in [trainees]: id=71, value=Value71
07:12:40.880 [Thread-1] DEBUG com.epam.gym.storage.Storage -- Stored in [trainees]: id=72, value=Value72
07:12:40.880 [Thread-2] DEBUG com.epam.gym.storage.Storage -- Stored in [trainees]: id=73, value=Value73
07:12:40.880 [Thread-1] DEBUG com.epam.gym.storage.Storage -- Stored in [trainees]: id=74, value=Value74
07:12:40.880 [Thread-2] DEBUG com.epam.gym.storage.Storage -- Stored in [trainees]: id=75, value=Value75
07:12:40.880 [Thread-1] DEBUG com.epam.gym.storage.Storage -- Stored in [trainees]: id=76, value=Value76
07:12:40.880 [Thread-2] DEBUG com.epam.gym.storage.Storage -- Stored in [trainees]: id=77, value=Value77
07:12:40.880 [Thread-1] DEBUG com.epam.gym.storage.Storage -- Stored in [trainees]: id=78, value=Value78
07:12:40.880 [Thread-2] DEBUG com.epam.gym.storage.Storage -- Stored in [trainees]: id=79, value=Value79
07:12:40.880 [Thread-1] DEBUG com.epam.gym.storage.Storage -- Stored in [trainees]: id=80, value=Value80
07:12:40.880 [Thread-2] DEBUG com.epam.gym.storage.Storage -- Stored in [trainees]: id=81, value=Value81
07:12:40.880 [Thread-1] DEBUG com.epam.gym.storage.Storage -- Stored in [trainees]: id=82, value=Value82
07:12:40.880 [Thread-1] DEBUG com.epam.gym.storage.Storage -- Stored in [trainees]: id=84, value=Value84
07:12:40.880 [Thread-2] DEBUG com.epam.gym.storage.Storage -- Stored in [trainees]: id=83, value=Value83
07:12:40.880 [Thread-1] DEBUG com.epam.gym.storage.Storage -- Stored in [trainees]: id=85, value=Value85
07:12:40.880 [Thread-2] DEBUG com.epam.gym.storage.Storage -- Stored in [trainees]: id=86, value=Value86
07:12:40.880 [Thread-1] DEBUG com.epam.gym.storage.Storage -- Stored in [trainees]: id=87, value=Value87
07:12:40.880 [Thread-2] DEBUG com.epam.gym.storage.Storage -- Stored in [trainees]: id=88, value=Value88
07:12:40.880 [Thread-1] DEBUG com.epam.gym.storage.Storage -- Stored in [trainees]: id=89, value=Value89
07:12:40.880 [Thread-2] DEBUG com.epam.gym.storage.Storage -- Stored in [trainees]: id=90, value=Value90
07:12:40.880 [Thread-1] DEBUG com.epam.gym.storage.Storage -- Stored in [trainees]: id=91, value=Value91
07:12:40.880 [Thread-2] DEBUG com.epam.gym.storage.Storage -- Stored in [trainees]: id=92, value=Value92
07:12:40.880 [Thread-1] DEBUG com.epam.gym.storage.Storage -- Stored in [trainees]: id=93, value=Value93
07:12:40.880 [Thread-2] DEBUG com.epam.gym.storage.Storage -- Stored in [trainees]: id=94, value=Value94
07:12:40.880 [Thread-1] DEBUG com.epam.gym.storage.Storage -- Stored in [trainees]: id=95, value=Value95
07:12:40.880 [Thread-2] DEBUG com.epam.gym.storage.Storage -- Stored in [trainees]: id=96, value=Value96
07:12:40.880 [Thread-1] DEBUG com.epam.gym.storage.Storage -- Stored in [trainees]: id=97, value=Value97
07:12:40.880 [Thread-2] DEBUG com.epam.gym.storage.Storage -- Stored in [trainees]: id=98, value=Value98
07:12:40.880 [Thread-1] DEBUG com.epam.gym.storage.Storage -- Stored in [trainees]: id=99, value=Value99
07:12:40.880 [Thread-1] DEBUG com.epam.gym.storage.Storage -- Stored in [trainees]: id=101, value=Value101
07:12:40.880 [Thread-2] DEBUG com.epam.gym.storage.Storage -- Stored in [trainees]: id=100, value=Value100
07:12:40.880 [Thread-1] DEBUG com.epam.gym.storage.Storage -- Stored in [trainees]: id=102, value=Value102
07:12:40.880 [Thread-2] DEBUG com.epam.gym.storage.Storage -- Stored in [trainees]: id=103, value=Value103
07:12:40.880 [Thread-1] DEBUG com.epam.gym.storage.Storage -- Stored in [trainees]: id=104, value=Value104
07:12:40.880 [Thread-1] DEBUG com.epam.gym.storage.Storage -- Stored in [trainees]: id=106, value=Value106
07:12:40.880 [Thread-2] DEBUG com.epam.gym.storage.Storage -- Stored in [trainees]: id=105, value=Value105
07:12:40.880 [Thread-1] DEBUG com.epam.gym.storage.Storage -- Stored in [trainees]: id=107, value=Value107
07:12:40.880 [Thread-2] DEBUG com.epam.gym.storage.Storage -- Stored in [trainees]: id=108, value=Value108
07:12:40.880 [Thread-1] DEBUG com.epam.gym.storage.Storage -- Stored in [trainees]: id=109, value=Value109
07:12:40.880 [Thread-2] DEBUG com.epam.gym.storage.Storage -- Stored in [trainees]: id=110, value=Value110
07:12:40.880 [Thread-1] DEBUG com.epam.gym.storage.Storage -- Stored in [trainees]: id=111, value=Value111
07:12:40.881 [Thread-2] DEBUG com.epam.gym.storage.Storage -- Stored in [trainees]: id=112, value=Value112
07:12:40.881 [Thread-2] DEBUG com.epam.gym.storage.Storage -- Stored in [trainees]: id=114, value=Value114
07:12:40.881 [Thread-2] DEBUG com.epam.gym.storage.Storage -- Stored in [trainees]: id=115, value=Value115
07:12:40.881 [Thread-1] DEBUG com.epam.gym.storage.Storage -- Stored in [trainees]: id=113, value=Value113
07:12:40.881 [Thread-2] DEBUG com.epam.gym.storage.Storage -- Stored in [trainees]: id=116, value=Value116
07:12:40.881 [Thread-1] DEBUG com.epam.gym.storage.Storage -- Stored in [trainees]: id=117, value=Value117
07:12:40.881 [Thread-2] DEBUG com.epam.gym.storage.Storage -- Stored in [trainees]: id=118, value=Value118
07:12:40.881 [Thread-1] DEBUG com.epam.gym.storage.Storage -- Stored in [trainees]: id=119, value=Value119
07:12:40.881 [Thread-2] DEBUG com.epam.gym.storage.Storage -- Stored in [trainees]: id=120, value=Value120
07:12:40.881 [Thread-1] DEBUG com.epam.gym.storage.Storage -- Stored in [trainees]: id=121, value=Value121
07:12:40.881 [Thread-2] DEBUG com.epam.gym.storage.Storage -- Stored in [trainees]: id=122, value=Value122
07:12:40.881 [Thread-1] DEBUG com.epam.gym.storage.Storage -- Stored in [trainees]: id=123, value=Value123
07:12:40.881 [Thread-1] DEBUG com.epam.gym.storage.Storage -- Stored in [trainees]: id=125, value=Value125
07:12:40.881 [Thread-1] DEBUG com.epam.gym.storage.Storage -- Stored in [trainees]: id=126, value=Value126
07:12:40.881 [Thread-2] DEBUG com.epam.gym.storage.Storage -- Stored in [trainees]: id=124, value=Value124
07:12:40.881 [Thread-1] DEBUG com.epam.gym.storage.Storage -- Stored in [trainees]: id=127, value=Value127
07:12:40.881 [Thread-2] DEBUG com.epam.gym.storage.Storage -- Stored in [trainees]: id=128, value=Value128
07:12:40.881 [Thread-1] DEBUG com.epam.gym.storage.Storage -- Stored in [trainees]: id=129, value=Value129
07:12:40.881 [Thread-2] DEBUG com.epam.gym.storage.Storage -- Stored in [trainees]: id=130, value=Value130
07:12:40.881 [Thread-1] DEBUG com.epam.gym.storage.Storage -- Stored in [trainees]: id=131, value=Value131
07:12:40.881 [Thread-2] DEBUG com.epam.gym.storage.Storage -- Stored in [trainees]: id=132, value=Value132
07:12:40.881 [Thread-1] DEBUG com.epam.gym.storage.Storage -- Stored in [trainees]: id=133, value=Value133
07:12:40.881 [Thread-2] DEBUG com.epam.gym.storage.Storage -- Stored in [trainees]: id=134, value=Value134
07:12:40.881 [Thread-1] DEBUG com.epam.gym.storage.Storage -- Stored in [trainees]: id=135, value=Value135
07:12:40.881 [Thread-2] DEBUG com.epam.gym.storage.Storage -- Stored in [trainees]: id=136, value=Value136
07:12:40.881 [Thread-1] DEBUG com.epam.gym.storage.Storage -- Stored in [trainees]: id=137, value=Value137
07:12:40.881 [Thread-2] DEBUG com.epam.gym.storage.Storage -- Stored in [trainees]: id=138, value=Value138
07:12:40.881 [Thread-1] DEBUG com.epam.gym.storage.Storage -- Stored in [trainees]: id=139, value=Value139
07:12:40.881 [Thread-2] DEBUG com.epam.gym.storage.Storage -- Stored in [trainees]: id=140, value=Value140
07:12:40.881 [Thread-1] DEBUG com.epam.gym.storage.Storage -- Stored in [trainees]: id=141, value=Value141
07:12:40.881 [Thread-2] DEBUG com.epam.gym.storage.Storage -- Stored in [trainees]: id=142, value=Value142
07:12:40.881 [Thread-1] DEBUG com.epam.gym.storage.Storage -- Stored in [trainees]: id=143, value=Value143
07:12:40.881 [Thread-2] DEBUG com.epam.gym.storage.Storage -- Stored in [trainees]: id=144, value=Value144
07:12:40.881 [Thread-1] DEBUG com.epam.gym.storage.Storage -- Stored in [trainees]: id=145, value=Value145
07:12:40.881 [Thread-2] DEBUG com.epam.gym.storage.Storage -- Stored in [trainees]: id=146, value=Value146
07:12:40.882 [Thread-1] DEBUG com.epam.gym.storage.Storage -- Stored in [trainees]: id=147, value=Value147
07:12:40.882 [Thread-2] DEBUG com.epam.gym.storage.Storage -- Stored in [trainees]: id=148, value=Value148
07:12:40.882 [Thread-1] DEBUG com.epam.gym.storage.Storage -- Stored in [trainees]: id=149, value=Value149
07:12:40.882 [Thread-2] DEBUG com.epam.gym.storage.Storage -- Stored in [trainees]: id=150, value=Value150
07:12:40.882 [Thread-1] DEBUG com.epam.gym.storage.Storage -- Stored in [trainees]: id=151, value=Value151
07:12:40.882 [Thread-2] DEBUG com.epam.gym.storage.Storage -- Stored in [trainees]: id=152, value=Value152
07:12:40.882 [Thread-1] DEBUG com.epam.gym.storage.Storage -- Stored in [trainees]: id=153, value=Value153
07:12:40.882 [Thread-2] DEBUG com.epam.gym.storage.Storage -- Stored in [trainees]: id=154, value=Value154
07:12:40.882 [Thread-1] DEBUG com.epam.gym.storage.Storage -- Stored in [trainees]: id=155, value=Value155
07:12:40.882 [Thread-2] DEBUG com.epam.gym.storage.Storage -- Stored in [trainees]: id=156, value=Value156
07:12:40.882 [Thread-1] DEBUG com.epam.gym.storage.Storage -- Stored in [trainees]: id=157, value=Value157
07:12:40.882 [Thread-2] DEBUG com.epam.gym.storage.Storage -- Stored in [trainees]: id=158, value=Value158
07:12:40.882 [Thread-1] DEBUG com.epam.gym.storage.Storage -- Stored in [trainees]: id=159, value=Value159
07:12:40.882 [Thread-2] DEBUG com.epam.gym.storage.Storage -- Stored in [trainees]: id=160, value=Value160
07:12:40.882 [Thread-1] DEBUG com.epam.gym.storage.Storage -- Stored in [trainees]: id=161, value=Value161
07:12:40.882 [Thread-2] DEBUG com.epam.gym.storage.Storage -- Stored in [trainees]: id=162, value=Value162
07:12:40.882 [Thread-1] DEBUG com.epam.gym.storage.Storage -- Stored in [trainees]: id=163, value=Value163
07:12:40.882 [Thread-2] DEBUG com.epam.gym.storage.Storage -- Stored in [trainees]: id=164, value=Value164
07:12:40.882 [Thread-1] DEBUG com.epam.gym.storage.Storage -- Stored in [trainees]: id=165, value=Value165
07:12:40.882 [Thread-2] DEBUG com.epam.gym.storage.Storage -- Stored in [trainees]: id=166, value=Value166
07:12:40.882 [Thread-1] DEBUG com.epam.gym.storage.Storage -- Stored in [trainees]: id=167, value=Value167
07:12:40.882 [Thread-2] DEBUG com.epam.gym.storage.Storage -- Stored in [trainees]: id=168, value=Value168
07:12:40.882 [Thread-1] DEBUG com.epam.gym.storage.Storage -- Stored in [trainees]: id=169, value=Value169
07:12:40.882 [Thread-2] DEBUG com.epam.gym.storage.Storage -- Stored in [trainees]: id=170, value=Value170
07:12:40.882 [Thread-1] DEBUG com.epam.gym.storage.Storage -- Stored in [trainees]: id=171, value=Value171
07:12:40.882 [Thread-2] DEBUG com.epam.gym.storage.Storage -- Stored in [trainees]: id=172, value=Value172
07:12:40.882 [Thread-1] DEBUG com.epam.gym.storage.Storage -- Stored in [trainees]: id=173, value=Value173
07:12:40.882 [Thread-2] DEBUG com.epam.gym.storage.Storage -- Stored in [trainees]: id=174, value=Value174
07:12:40.882 [Thread-1] DEBUG com.epam.gym.storage.Storage -- Stored in [trainees]: id=175, value=Value175
07:12:40.882 [Thread-2] DEBUG com.epam.gym.storage.Storage -- Stored in [trainees]: id=176, value=Value176
07:12:40.882 [Thread-1] DEBUG com.epam.gym.storage.Storage -- Stored in [trainees]: id=177, value=Value177
07:12:40.882 [Thread-2] DEBUG com.epam.gym.storage.Storage -- Stored in [trainees]: id=178, value=Value178
07:12:40.882 [Thread-1] DEBUG com.epam.gym.storage.Storage -- Stored in [trainees]: id=179, value=Value179
07:12:40.882 [Thread-2] DEBUG com.epam.gym.storage.Storage -- Stored in [trainees]: id=180, value=Value180
07:12:40.882 [Thread-1] DEBUG com.epam.gym.storage.Storage -- Stored in [trainees]: id=181, value=Value181
07:12:40.882 [Thread-2] DEBUG com.epam.gym.storage.Storage -- Stored in [trainees]: id=182, value=Value182
07:12:40.882 [Thread-1] DEBUG com.epam.gym.storage.Storage -- Stored in [trainees]: id=183, value=Value183
07:12:40.882 [Thread-2] DEBUG com.epam.gym.storage.Storage -- Stored in [trainees]: id=184, value=Value184
07:12:40.882 [Thread-1] DEBUG com.epam.gym.storage.Storage -- Stored in [trainees]: id=185, value=Value185
07:12:40.882 [Thread-2] DEBUG com.epam.gym.storage.Storage -- Stored in [trainees]: id=186, value=Value186
07:12:40.882 [Thread-1] DEBUG com.epam.gym.storage.Storage -- Stored in [trainees]: id=187, value=Value187
07:12:40.883 [Thread-2] DEBUG com.epam.gym.storage.Storage -- Stored in [trainees]: id=188, value=Value188
07:12:40.883 [Thread-1] DEBUG com.epam.gym.storage.Storage -- Stored in [trainees]: id=189, value=Value189
07:12:40.883 [Thread-2] DEBUG com.epam.gym.storage.Storage -- Stored in [trainees]: id=190, value=Value190
07:12:40.883 [Thread-1] DEBUG com.epam.gym.storage.Storage -- Stored in [trainees]: id=191, value=Value191
07:12:40.883 [Thread-2] DEBUG com.epam.gym.storage.Storage -- Stored in [trainees]: id=192, value=Value192
07:12:40.883 [Thread-1] DEBUG com.epam.gym.storage.Storage -- Stored in [trainees]: id=193, value=Value193
07:12:40.883 [Thread-1] DEBUG com.epam.gym.storage.Storage -- Stored in [trainees]: id=195, value=Value195
07:12:40.883 [Thread-1] DEBUG com.epam.gym.storage.Storage -- Stored in [trainees]: id=196, value=Value196
07:12:40.883 [Thread-2] DEBUG com.epam.gym.storage.Storage -- Stored in [trainees]: id=194, value=Value194
07:12:40.883 [Thread-2] DEBUG com.epam.gym.storage.Storage -- Stored in [trainees]: id=197, value=Value197
07:12:40.883 [Thread-2] DEBUG com.epam.gym.storage.Storage -- Stored in [trainees]: id=198, value=Value198
07:12:40.883 [Thread-2] DEBUG com.epam.gym.storage.Storage -- Stored in [trainees]: id=199, value=Value199
07:12:40.883 [Thread-2] DEBUG com.epam.gym.storage.Storage -- Stored in [trainees]: id=200, value=Value200
]]></system-out>
  </testcase>
  <testcase name="getAll_ShouldReturnCopyOfMap" classname="com.epam.StorageTest" time="0.003">
    <system-out><![CDATA[07:12:40.884 [main] INFO com.epam.gym.storage.Storage -- Storage initialized with namespaces: [trainers, trainingTypes, trainees, trainings]
07:12:40.885 [main] DEBUG com.epam.gym.storage.Storage -- Stored in [trainees]: id=1, value=Value1
07:12:40.885 [main] DEBUG com.epam.gym.storage.Storage -- Stored in [trainees]: id=2, value=Value2
]]></system-out>
  </testcase>
  <testcase name="contains_WhenExists_ShouldReturnTrue" classname="com.epam.StorageTest" time="0.001">
    <system-out><![CDATA[07:12:40.889 [main] INFO com.epam.gym.storage.Storage -- Storage initialized with namespaces: [trainers, trainingTypes, trainees, trainings]
07:12:40.889 [main] DEBUG com.epam.gym.storage.Storage -- Stored in [trainees]: id=1, value=Value
]]></system-out>
  </testcase>
  <testcase name="constructor_ShouldInitializeNamespaces" classname="com.epam.StorageTest" time="0.001">
    <system-out><![CDATA[07:12:40.890 [main] INFO com.epam.gym.storage.Storage -- Storage initialized with namespaces: [trainers, trainingTypes, trainees, trainings]
]]></system-out>
  </testcase>
  <testcase name="count_ShouldReturnSize" classname="com.epam.StorageTest" time="0.001">
    <system-out><![CDATA[07:12:40.892 [main] INFO com.epam.gym.storage.Storage -- Storage initialized with namespaces: [trainers, trainingTypes, trainees, trainings]
07:12:40.893 [main] DEBUG com.epam.gym.storage.Storage -- Stored in [trainees]: id=1, value=Value1
07:12:40.893 [main] DEBUG com.epam.gym.storage.Storage -- Stored in [trainees]: id=2, value=Value2
]]></system-out>
  </testcase>
</testsuite>