<?xml version="1.0" encoding="UTF-8"?>
<testsuite xmlns:xsi="http://www.w3.org/2001/XMLSchema-instance" xsi:noNamespaceSchemaLocation="https://maven.apache.org/surefire/maven-surefire-plugin/xsd/surefire-test-report-3.0.xsd" version="3.0" name="com.epam.GymCrmApplicationTest" time="0.569" tests="3" errors="0" skipped="0" failures="0">
  <properties>
[...]
</properties>
  <testcase name="gymFacadeBean_ShouldBeAvailableInContext" classname="com.epam.GymCrmApplicationTest" time="0.517">
    <system-out><![CDATA[07:12:40.254 [main] DEBUG org.springframework.context.annotation.AnnotationConfigApplicationContext -- Refreshing org.springframework.context.annotation.AnnotationConfigApplicationContext@562919fe
07:12:40.265 [main] DEBUG org.springframework.beans.factory.support.DefaultListableBeanFactory -- Creating shared instance of singleton bean 'org.springframework.context.annotation.internalConfigurationAnnotationProcessor'
07:12:40.328 [main] DEBUG org.springframework.context.annotation.ClassPathBeanDefinitionScanner -- Identified candidate component class: file [C:\java_laboratory\Spring_advanced\epam_lab_2026\target\classes\com\epam\gym\dao\TraineeDAO.class]
07:12:40.329 [main] DEBUG org.springframework.context.annotation.ClassPathBeanDefinitionScanner -- Identified candidate component class: file [C:\java_laboratory\Spring_advanced\epam_lab_2026\target\classes\com\epam\gym\dao\TrainerDAO.class]
07:12:40.329 [main] DEBUG org.springframework.context.annotation.ClassPathBeanDefinitionScanner -- Identified candidate component class: file [C:\java_laboratory\Spring_advanced\epam_lab_2026\target\classes\com\epam\gym\dao\TrainingDAO.class]
07:12:40.330 [main] DEBUG org.springframework.context.annotation.ClassPathBeanDefinitionScanner -- Identified candidate component class: file [C:\java_laboratory\Spring_advanced\epam_lab_2026\target\classes\com\epam\gym\facade\GymFacade.class]
07:12:40.334 [main] DEBUG org.springframework.context.annotation.ClassPathBeanDefinitionScanner -- Identified candidate component class: file [C:\java_laboratory\Spring_advanced\epam_lab_2026\target\classes\com\epam\gym\service\TraineeService.class]
07:12:40.335 [main] DEBUG org.springframework.context.annotation.ClassPathBeanDefinitionScanner -- Identified candidate component class: file [C:\java_laboratory\Spring_advanced\epam_lab_2026\target\classes\com\epam\gym\service\TrainerService.class]
07:12:40.335 [main] DEBUG org.springframework.context.annotation.ClassPathBeanDefinitionScanner -- Identified candidate component class: file [C:\java_laboratory\Spring_advanced\epam_lab_2026\target\classes\com\epam\gym\service\TrainingService.class]
07:12:40.336 [main] DEBUG org.springframework.context.annotation.ClassPathBeanDefinitionScanner -- Identified candidate component class: file [C:\java_laboratory\Spring_advanced\epam_lab_2026\target\classes\com\epam\gym\storage\DataInitializer.class]
07:12:40.337 [main] DEBUG org.springframework.context.annotation.ClassPathBeanDefinitionScanner -- Identified candidate component class: file [C:\java_laboratory\Spring_advanced\epam_lab_2026\target\classes\com\epam\gym\storage\Storage.class]
07:12:40.444 [main] DEBUG org.springframework.beans.factory.support.DefaultListableBeanFactory -- Creating shared instance of singleton bean 'propertyConfigurer'
07:12:40.449 [main] DEBUG org.springframework.beans.factory.support.DefaultListableBeanFactory -- Creating shared instance of singleton bean 'org.springframework.context.event.internalEventListenerProcessor'
07:12:40.450 [main] DEBUG org.springframework.beans.factory.support.DefaultListableBeanFactory -- Creating shared instance of singleton bean 'org.springframework.context.event.internalEventListenerFactory'
07:12:40.452 [main] DEBUG org.springframework.beans.factory.support.DefaultListableBeanFactory -- Creating shared instance of singleton bean 'org.springframework.context.annotation.internalAutowiredAnnotationProcessor'
07:12:40.453 [main] DEBUG org.springframework.beans.factory.support.DefaultListableBeanFactory -- Creating shared instance of singleton bean 'org.springframework.context.annotation.internalCommonAnnotationProcessor'
07:12:40.461 [main] DEBUG org.springframework.beans.factory.support.DefaultListableBeanFactory -- Creating shared instance of singleton bean 'appConfig'
07:12:40.466 [main] DEBUG org.springframework.beans.factory.support.DefaultListableBeanFactory -- Creating shared instance of singleton bean 'traineeDAO'
07:12:40.474 [main] DEBUG org.springframework.beans.factory.support.DefaultListableBeanFactory -- Creating shared instance of singleton bean 'storage'
07:12:40.474 [main] INFO com.epam.gym.storage.Storage -- Storage initialized with namespaces: [trainers, trainingTypes, trainees, trainings]
07:12:40.478 [main] DEBUG org.springframework.beans.factory.support.DefaultListableBeanFactory -- Autowiring by type from bean name 'traineeDAO' via constructor to bean named 'storage'
07:12:40.479 [main] DEBUG org.springframework.beans.factory.support.DefaultListableBeanFactory -- Creating shared instance of singleton bean 'trainerDAO'
07:12:40.481 [main] DEBUG org.springframework.beans.factory.support.DefaultListableBeanFactory -- Autowiring by type from bean name 'trainerDAO' via constructor to bean named 'storage'
07:12:40.481 [main] DEBUG org.springframework.beans.factory.support.DefaultListableBeanFactory -- Creating shared instance of singleton bean 'trainingDAO'
07:12:40.482 [main] DEBUG org.springframework.beans.factory.support.DefaultListableBeanFactory -- Autowiring by type from bean name 'trainingDAO' via constructor to bean named 'storage'
07:12:40.483 [main] DEBUG org.springframework.beans.factory.support.DefaultListableBeanFactory -- Creating shared instance of singleton bean 'gymFacade'
07:12:40.484 [main] DEBUG org.springframework.beans.factory.support.DefaultListableBeanFactory -- Creating shared instance of singleton bean 'traineeService'
07:12:40.508 [main] DEBUG org.springframework.beans.factory.support.DefaultListableBeanFactory -- Creating shared instance of singleton bean 'trainerService'
07:12:40.510 [main] DEBUG org.springframework.beans.factory.support.DefaultListableBeanFactory -- Creating shared instance of singleton bean 'trainingService'
07:12:40.512 [main] DEBUG org.springframework.beans.factory.support.DefaultListableBeanFactory -- Autowiring by type from bean name 'gymFacade' via constructor to bean named 'traineeService'
07:12:40.512 [main] DEBUG org.springframework.beans.factory.support.DefaultListableBeanFactory -- Autowiring by type from bean name 'gymFacade' via constructor to bean named 'trainerService'
07:12:40.512 [main] DEBUG org.springframework.beans.factory.support.DefaultListableBeanFactory -- Autowiring by type from bean name 'gymFacade' via constructor to bean named 'trainingService'
07:12:40.514 [main] DEBUG org.springframework.beans.factory.support.DefaultListableBeanFactory -- Creating shared instance of singleton bean 'dataInitializer'
07:12:40.515 [main] DEBUG org.springframework.beans.factory.support.DefaultListableBeanFactory -- Creating shared instance of singleton bean 'objectMapper'
07:12:40.520 [main] DEBUG org.springframework.beans.factory.support.DefaultListableBeanFactory -- Autowiring by type from bean name 'dataInitializer' via constructor to bean named 'storage'
07:12:40.520 [main] DEBUG org.springframework.beans.factory.support.DefaultListableBeanFactory -- Autowiring by type from bean name 'dataInitializer' via constructor to bean named 'objectMapper'
07:12:40.527 [main] DEBUG org.springframework.core.env.PropertySourcesPropertyResolver -- Found key 'storage.data.file' in PropertySource 'environmentProperties' with value of type String
07:12:40.535 [main] INFO com.epam.gym.storage.DataInitializer -- Loading initial data from: initial-data.json
07:12:40.557 [main] DEBUG com.epam.gym.storage.Storage -- Stored in [trainingTypes]: id=1, value=TrainingType(id=1, trainingTypeName=Fitness)
07:12:40.557 [main] DEBUG com.epam.gym.storage.Storage -- Stored in [trainingTypes]: id=2, value=TrainingType(id=2, trainingTypeName=Yoga)
07:12:40.557 [main] DEBUG com.epam.gym.storage.Storage -- Stored in [trainingTypes]: id=3, value=TrainingType(id=3, trainingTypeName=Cardio)
07:12:40.557 [main] INFO com.epam.gym.storage.DataInitializer -- Loaded 3 training types
07:12:40.560 [main] DEBUG com.epam.gym.storage.Storage -- Stored in [trainers]: id=1, value=Trainer(super=User(userId=1, firstName=Mike, lastName=Johnson, userName=mike.johnson, isActive=true), specialization=Fitness, trainings=[])
07:12:40.567 [main] DEBUG com.epam.gym.storage.Storage -- Stored in [trainers]: id=2, value=Trainer(super=User(userId=2, firstName=Sarah, lastName=Williams, userName=sarah.williams, isActive=true), specialization=Yoga, trainings=[])
07:12:40.567 [main] INFO com.epam.gym.storage.DataInitializer -- Loaded 2 trainers
07:12:40.570 [main] DEBUG com.epam.gym.storage.Storage -- Stored in [trainees]: id=1, value=Trainee(super=User(userId=1, firstName=John, lastName=Doe, userName=john.doe, isActive=true), dateOfBirth=1990-05-15, address=123 Main St, New York, trainings=[])
07:12:40.573 [main] DEBUG com.epam.gym.storage.Storage -- Stored in [trainees]: id=2, value=Trainee(super=User(userId=2, firstName=Jane, lastName=Smith, userName=jane.smith, isActive=true), dateOfBirth=1988-12-20, address=456 Oak Ave, Los Angeles, trainings=[])
07:12:40.573 [main] INFO com.epam.gym.storage.DataInitializer -- Loaded 2 trainees
07:12:40.574 [main] DEBUG com.epam.gym.storage.Storage -- Stored in [trainings]: id=1, value=Training(trainingId=1, traineeId=1, trainerId=1, trainingName=Morning Fitness, trainingType=TrainingType(id=1, trainingTypeName=Fitness), trainingDate=2024-01-15, trainingDuration=60)
07:12:40.577 [main] INFO com.epam.gym.storage.DataInitializer -- Loaded 1 trainings
07:12:40.577 [main] INFO com.epam.gym.storage.DataInitializer -- Data initialization completed successfully
07:12:40.613 [main] DEBUG org.springframework.context.annotation.AnnotationConfigApplicationContext -- Closing org.springframework.context.annotation.AnnotationConfigApplicationContext@562919fe, started on Thu Feb 19 07:12:40 UZT 2026
]]></system-out>
  </testcase>
  <testcase name="main_WithValidContext_ShouldRun" classname="com.epam.GymCrmApplicationTest" time="0.002"/>
  <testcase name="contextLoads" classname="com.epam.GymCrmApplicationTest" time="0.045">
    <system-out><![CDATA[07:12:40.626 [main] DEBUG org.springframework.context.annotation.AnnotationConfigApplicationContext -- Refreshing org.springframework.context.annotation.AnnotationConfigApplicationContext@4e4395c
07:12:40.627 [main] DEBUG org.springframework.beans.factory.support.DefaultListableBeanFactory -- Creating shared instance of singleton bean 'org.springframework.context.annotation.internalConfigurationAnnotationProcessor'
07:12:40.635 [main] DEBUG org.springframework.context.annotation.ClassPathBeanDefinitionScanner -- Identified candidate component class: file [C:\java_laboratory\Spring_advanced\epam_lab_2026\target\classes\com\epam\gym\dao\TraineeDAO.class]
07:12:40.636 [main] DEBUG org.springframework.context.annotation.ClassPathBeanDefinitionScanner -- Identified candidate component class: file [C:\java_laboratory\Spring_advanced\epam_lab_2026\target\classes\com\epam\gym\dao\TrainerDAO.class]
07:12:40.637 [main] DEBUG org.springframework.context.annotation.ClassPathBeanDefinitionScanner -- Identified candidate component class: file [C:\java_laboratory\Spring_advanced\epam_lab_2026\target\classes\com\epam\gym\dao\TrainingDAO.class]
07:12:40.637 [main] DEBUG org.springframework.context.annotation.ClassPathBeanDefinitionScanner -- Identified candidate component class: file [C:\java_laboratory\Spring_advanced\epam_lab_2026\target\classes\com\epam\gym\facade\GymFacade.class]
07:12:40.640 [main] DEBUG org.springframework.context.annotation.ClassPathBeanDefinitionScanner -- Identified candidate component class: file [C:\java_laboratory\Spring_advanced\epam_lab_2026\target\classes\com\epam\gym\service\TraineeService.class]
07:12:40.641 [main] DEBUG org.springframework.context.annotation.ClassPathBeanDefinitionScanner -- Identified candidate component class: file [C:\java_laboratory\Spring_advanced\epam_lab_2026\target\classes\com\epam\gym\service\TrainerService.class]
07:12:40.641 [main] DEBUG org.springframework.context.annotation.ClassPathBeanDefinitionScanner -- Identified candidate component class: file [C:\java_laboratory\Spring_advanced\epam_lab_2026\target\classes\com\epam\gym\service\TrainingService.class]
07:12:40.642 [main] DEBUG org.springframework.context.annotation.ClassPathBeanDefinitionScanner -- Identified candidate component class: file [C:\java_laboratory\Spring_advanced\epam_lab_2026\target\classes\com\epam\gym\storage\DataInitializer.class]
07:12:40.642 [main] DEBUG org.springframework.context.annotation.ClassPathBeanDefinitionScanner -- Identified candidate component class: file [C:\java_laboratory\Spring_advanced\epam_lab_2026\target\classes\com\epam\gym\storage\Storage.class]
07:12:40.653 [main] DEBUG org.springframework.beans.factory.support.DefaultListableBeanFactory -- Creating shared instance of singleton bean 'propertyConfigurer'
07:12:40.654 [main] DEBUG org.springframework.beans.factory.support.DefaultListableBeanFactory -- Creating shared instance of singleton bean 'org.springframework.context.event.internalEventListenerProcessor'
07:12:40.654 [main] DEBUG org.springframework.beans.factory.support.DefaultListableBeanFactory -- Creating shared instance of singleton bean 'org.springframework.context.event.internalEventListenerFactory'
07:12:40.654 [main] DEBUG org.springframework.beans.factory.support.DefaultListableBeanFactory -- Creating shared instance of singleton bean 'org.springframework.context.annotation.internalAutowiredAnnotationProcessor'
07:12:40.655 [main] DEBUG org.springframework.beans.factory.support.DefaultListableBeanFactory -- Creating shared instance of singleton bean 'org.springframework.context.annotation.internalCommonAnnotationProcessor'
07:12:40.655 [main] DEBUG org.springframework.beans.factory.support.DefaultListableBeanFactory -- Creating shared instance of singleton bean 'appConfig'
07:12:40.656 [main] DEBUG org.springframework.beans.factory.support.DefaultListableBeanFactory -- Creating shared instance of singleton bean 'traineeDAO'
07:12:40.656 [main] DEBUG org.springframework.beans.factory.support.DefaultListableBeanFactory -- Creating shared instance of singleton bean 'storage'
07:12:40.656 [main] INFO com.epam.gym.storage.Storage -- Storage initialized with namespaces: [trainers, trainingTypes, trainees, trainings]
07:12:40.656 [main] DEBUG org.springframework.beans.factory.support.DefaultListableBeanFactory -- Autowiring by type from bean name 'traineeDAO' via constructor to bean named 'storage'
07:12:40.657 [main] DEBUG org.springframework.beans.factory.support.DefaultListableBeanFactory -- Creating shared instance of singleton bean 'trainerDAO'
07:12:40.657 [main] DEBUG org.springframework.beans.factory.support.DefaultListableBeanFactory -- Autowiring by type from bean name 'trainerDAO' via constructor to bean named 'storage'
07:12:40.657 [main] DEBUG org.springframework.beans.factory.support.DefaultListableBeanFactory -- Creating shared instance of singleton bean 'trainingDAO'
07:12:40.657 [main] DEBUG org.springframework.beans.factory.support.DefaultListableBeanFactory -- Autowiring by type from bean name 'trainingDAO' via constructor to bean named 'storage'
07:12:40.657 [main] DEBUG org.springframework.beans.factory.support.DefaultListableBeanFactory -- Creating shared instance of singleton bean 'gymFacade'
07:12:40.658 [main] DEBUG org.springframework.beans.factory.support.DefaultListableBeanFactory -- Creating shared instance of singleton bean 'traineeService'
07:12:40.659 [main] DEBUG org.springframework.beans.factory.support.DefaultListableBeanFactory -- Creating shared instance of singleton bean 'trainerService'
07:12:40.659 [main] DEBUG org.springframework.beans.factory.support.DefaultListableBeanFactory -- Creating shared instance of singleton bean 'trainingService'
07:12:40.660 [main] DEBUG org.springframework.beans.factory.support.DefaultListableBeanFactory -- Autowiring by type from bean name 'gymFacade' via constructor to bean named 'traineeService'
07:12:40.660 [main] DEBUG org.springframework.beans.factory.support.DefaultListableBeanFactory -- Autowiring by type from bean name 'gymFacade' via constructor to bean named 'trainerService'
07:12:40.660 [main] DEBUG org.springframework.beans.factory.support.DefaultListableBeanFactory -- Autowiring by type from bean name 'gymFacade' via constructor to bean named 'trainingService'
07:12:40.661 [main] DEBUG org.springframework.beans.factory.support.DefaultListableBeanFactory -- Creating shared instance of singleton bean 'dataInitializer'
07:12:40.661 [main] DEBUG org.springframework.beans.factory.support.DefaultListableBeanFactory -- Creating shared instance of singleton bean 'objectMapper'
07:12:40.662 [main] DEBUG org.springframework.beans.factory.support.DefaultListableBeanFactory -- Autowiring by type from bean name 'dataInitializer' via constructor to bean named 'storage'
07:12:40.662 [main] DEBUG org.springframework.beans.factory.support.DefaultListableBeanFactory -- Autowiring by type from bean name 'dataInitializer' via constructor to bean named 'objectMapper'
07:12:40.663 [main] DEBUG org.springframework.core.env.PropertySourcesPropertyResolver -- Found key 'storage.data.file' in PropertySource 'environmentProperties' with value of type String
07:12:40.663 [main] INFO com.epam.gym.storage.DataInitializer -- Loading initial data from: initial-data.json
07:12:40.664 [main] DEBUG com.epam.gym.storage.Storage -- Stored in [trainingTypes]: id=1, value=TrainingType(id=1, trainingTypeName=Fitness)
07:12:40.664 [main] DEBUG com.epam.gym.storage.Storage -- Stored in [trainingTypes]: id=2, value=TrainingType(id=2, trainingTypeName=Yoga)
07:12:40.664 [main] DEBUG com.epam.gym.storage.Storage -- Stored in [trainingTypes]: id=3, value=TrainingType(id=3, trainingTypeName=Cardio)
07:12:40.664 [main] INFO com.epam.gym.storage.DataInitializer -- Loaded 3 training types
07:12:40.664 [main] DEBUG com.epam.gym.storage.Storage -- Stored in [trainers]: id=1, value=Trainer(super=User(userId=1, firstName=Mike, lastName=Johnson, userName=mike.johnson, isActive=true), specialization=Fitness, trainings=[])
07:12:40.664 [main] DEBUG com.epam.gym.storage.Storage -- Stored in [trainers]: id=2, value=Trainer(super=User(userId=2, firstName=Sarah, lastName=Williams, userName=sarah.williams, isActive=true), specialization=Yoga, trainings=[])
07:12:40.664 [main] INFO com.epam.gym.storage.DataInitializer -- Loaded 2 trainers
07:12:40.665 [main] DEBUG com.epam.gym.storage.Storage -- Stored in [trainees]: id=1, value=Trainee(super=User(userId=1, firstName=John, lastName=Doe, userName=john.doe, isActive=true), dateOfBirth=1990-05-15, address=123 Main St, New York, trainings=[])
07:12:40.665 [main] DEBUG com.epam.gym.storage.Storage -- Stored in [trainees]: id=2, value=Trainee(super=User(userId=2, firstName=Jane, lastName=Smith, userName=jane.smith, isActive=true), dateOfBirth=1988-12-20, address=456 Oak Ave, Los Angeles, trainings=[])
07:12:40.665 [main] INFO com.epam.gym.storage.DataInitializer -- Loaded 2 trainees
07:12:40.665 [main] DEBUG com.epam.gym.storage.Storage -- Stored in [trainings]: id=1, value=Training(trainingId=1, traineeId=1, trainerId=1, trainingName=Morning Fitness, trainingType=TrainingType(id=1, trainingTypeName=Fitness), trainingDate=2024-01-15, trainingDuration=60)
07:12:40.665 [main] INFO com.epam.gym.storage.DataInitializer -- Loaded 1 trainings
07:12:40.665 [main] INFO com.epam.gym.storage.DataInitializer -- Data initialization completed successfully
07:12:40.667 [main] DEBUG org.springframework.context.annotation.AnnotationConfigApplicationContext -- Closing org.springframework.context.annotation.AnnotationConfigApplicationContext@4e4395c, started on Thu Feb 19 07:12:40 UZT 2026
]]></system-out>
  </testcase>
</testsuite>