<?xml version="1.0" encoding="UTF-8"?>
<testsuite xmlns:xsi="http://www.w3.org/2001/XMLSchema-instance" xsi:noNamespaceSchemaLocation="https://maven.apache.org/surefire/maven-surefire-plugin/xsd/surefire-test-report-3.0.xsd" version="3.0" name="com.epam.TrainerDAOTest" time="0.022" tests="9" errors="0" skipped="0" failures="0">
  <properties>
[...]
</properties>
  <testcase name="findById_WhenExists_ShouldReturnTrainer" classname="com.epam.TrainerDAOTest" time="0.001"/>
  <testcase name="findAll_ShouldReturnAllTrainers" classname="com.epam.TrainerDAOTest" time="0.001"/>
  <testcase name="exists_WhenExists_ShouldReturnTrue" classname="com.epam.TrainerDAOTest" time="0.001"/>
  <testcase name="exists_WhenNotExists_ShouldReturnFalse" classname="com.epam.TrainerDAOTest" time="0.001"/>
  <testcase name="save_WithNullId_ShouldGenerateIdAndSave" classname="com.epam.TrainerDAOTest" time="0.003">
    <system-out><![CDATA[07:12:41.005 [main] INFO com.epam.gym.dao.TrainerDAO -- Saved trainer: null
]]></system-out>
  </testcase>
  <testcase name="findById_WhenNotExists_ShouldReturnEmpty" classname="com.epam.TrainerDAOTest" time="0.002"/>
  <testcase name="findByUsername_WhenExists_ShouldReturnTrainer" classname="com.epam.TrainerDAOTest" time="0.003"/>
  <testcase name="findByUsername_WhenNotExists_ShouldReturnEmpty" classname="com.epam.TrainerDAOTest" time="0.001"/>
  <testcase name="save_WithExistingId_ShouldSaveWithoutGeneratingId" classname="com.epam.TrainerDAOTest" time="0.002">
    <system-out><![CDATA[07:12:41.015 [main] INFO com.epam.gym.dao.TrainerDAO -- Saved trainer: mike.johnson
]]></system-out>
  </testcase>
</testsuite>